  [1m[35m (140.7ms)[0m  [1m[35mCREATE DATABASE "matrix_app_api_development" ENCODING = 'unicode'[0m
  [1m[35m (56.6ms)[0m  [1m[35mCREATE DATABASE "matrix_app_api_test" ENCODING = 'unicode'[0m
  [1m[35m (22.1ms)[0m  [1m[35mCREATE TABLE "schema_migrations" ("version" character varying NOT NULL PRIMARY KEY)[0m
  [1m[35m (3.2ms)[0m  [1m[35mCREATE TABLE "ar_internal_metadata" ("key" character varying NOT NULL PRIMARY KEY, "value" character varying, "created_at" timestamp(6) NOT NULL, "updated_at" timestamp(6) NOT NULL)[0m
  [1m[35m (0.4ms)[0m  [1m[34mSELECT pg_try_advisory_lock(5139738239422645845)[0m
  [1m[35m (0.7ms)[0m  [1m[34mSELECT "schema_migrations"."version" FROM "schema_migrations" ORDER BY "schema_migrations"."version" ASC[0m
Migrating to CreateCharacter (20200801143949)
  [1m[35m (0.1ms)[0m  [1m[35mBEGIN[0m
  [1m[35m (5.7ms)[0m  [1m[35mCREATE TABLE "characters" ("id" bigserial primary key, "name" character varying, "description" character varying, "img_url" character varying)[0m
  [1m[36mprimary::SchemaMigration Create (0.8ms)[0m  [1m[32mINSERT INTO "schema_migrations" ("version") VALUES ($1) RETURNING "version"[0m  [["version", "20200801143949"]]
  [1m[35m (0.3ms)[0m  [1m[35mCOMMIT[0m
  [1m[36mActiveRecord::InternalMetadata Load (0.6ms)[0m  [1m[34mSELECT "ar_internal_metadata".* FROM "ar_internal_metadata" WHERE "ar_internal_metadata"."key" = $1 LIMIT $2[0m  [["key", "environment"], ["LIMIT", 1]]
  [1m[35m (0.1ms)[0m  [1m[35mBEGIN[0m
  [1m[36mActiveRecord::InternalMetadata Create (0.9ms)[0m  [1m[32mINSERT INTO "ar_internal_metadata" ("key", "value", "created_at", "updated_at") VALUES ($1, $2, $3, $4) RETURNING "key"[0m  [["key", "environment"], ["value", "development"], ["created_at", "2020-08-01 14:41:36.004485"], ["updated_at", "2020-08-01 14:41:36.004485"]]
  [1m[35m (0.3ms)[0m  [1m[35mCOMMIT[0m
  [1m[35m (0.2ms)[0m  [1m[34mSELECT pg_advisory_unlock(5139738239422645845)[0m
  [1m[35m (0.8ms)[0m  [1m[34mSELECT "schema_migrations"."version" FROM "schema_migrations" ORDER BY "schema_migrations"."version" ASC[0m
  [1m[35m (0.2ms)[0m  [1m[34mSELECT pg_try_advisory_lock(5139738239422645845)[0m
  [1m[35m (0.8ms)[0m  [1m[34mSELECT "schema_migrations"."version" FROM "schema_migrations" ORDER BY "schema_migrations"."version" ASC[0m
Migrating to FixDescriptionColumnTypo (20200801144229)
  [1m[35m (0.1ms)[0m  [1m[35mBEGIN[0m
  [1m[35m (0.4ms)[0m  [1m[35mALTER TABLE "characters" RENAME COLUMN "description" TO "char_description"[0m
  [1m[36mprimary::SchemaMigration Create (0.4ms)[0m  [1m[32mINSERT INTO "schema_migrations" ("version") VALUES ($1) RETURNING "version"[0m  [["version", "20200801144229"]]
  [1m[35m (0.6ms)[0m  [1m[35mCOMMIT[0m
  [1m[36mActiveRecord::InternalMetadata Load (0.4ms)[0m  [1m[34mSELECT "ar_internal_metadata".* FROM "ar_internal_metadata" WHERE "ar_internal_metadata"."key" = $1 LIMIT $2[0m  [["key", "environment"], ["LIMIT", 1]]
  [1m[35m (0.3ms)[0m  [1m[34mSELECT pg_advisory_unlock(5139738239422645845)[0m
  [1m[35m (0.9ms)[0m  [1m[34mSELECT "schema_migrations"."version" FROM "schema_migrations" ORDER BY "schema_migrations"."version" ASC[0m
  [1m[35m (0.2ms)[0m  [1m[34mSELECT pg_try_advisory_lock(5139738239422645845)[0m
  [1m[35m (0.7ms)[0m  [1m[34mSELECT "schema_migrations"."version" FROM "schema_migrations" ORDER BY "schema_migrations"."version" ASC[0m
Migrating to ChangeTableName (20200801144532)
  [1m[35m (0.1ms)[0m  [1m[35mBEGIN[0m
  [1m[35m (0.5ms)[0m  [1m[35mALTER TABLE "characters" RENAME TO "matrix_characters"[0m
  [1m[35m (1.2ms)[0m  [1m[35mALTER INDEX "characters_pkey" RENAME TO "matrix_characters_pkey"[0m
  [1m[35m (0.3ms)[0m  [1m[35mALTER TABLE "public"."characters_id_seq" RENAME TO "matrix_characters_id_seq"[0m
  [1m[36mprimary::SchemaMigration Create (0.4ms)[0m  [1m[32mINSERT INTO "schema_migrations" ("version") VALUES ($1) RETURNING "version"[0m  [["version", "20200801144532"]]
  [1m[35m (0.7ms)[0m  [1m[35mCOMMIT[0m
  [1m[36mActiveRecord::InternalMetadata Load (0.4ms)[0m  [1m[34mSELECT "ar_internal_metadata".* FROM "ar_internal_metadata" WHERE "ar_internal_metadata"."key" = $1 LIMIT $2[0m  [["key", "environment"], ["LIMIT", 1]]
  [1m[35m (0.3ms)[0m  [1m[34mSELECT pg_advisory_unlock(5139738239422645845)[0m
  [1m[35m (0.8ms)[0m  [1m[34mSELECT "schema_migrations"."version" FROM "schema_migrations" ORDER BY "schema_migrations"."version" ASC[0m
  [1m[35m (0.7ms)[0m  [1m[34mSELECT "schema_migrations"."version" FROM "schema_migrations" ORDER BY "schema_migrations"."version" ASC[0m
  [1m[35m (0.2ms)[0m  [1m[34mSELECT "schema_migrations"."version" FROM "schema_migrations" ORDER BY "schema_migrations"."version" ASC[0m
  [1m[35m (0.2ms)[0m  [1m[34mSELECT "schema_migrations"."version" FROM "schema_migrations" ORDER BY "schema_migrations"."version" ASC[0m
  [1m[35m (0.2ms)[0m  [1m[34mSELECT pg_try_advisory_lock(5139738239422645845)[0m
  [1m[35m (0.2ms)[0m  [1m[34mSELECT "schema_migrations"."version" FROM "schema_migrations" ORDER BY "schema_migrations"."version" ASC[0m
Migrating to ChangeTableName (20200801144532)
  [1m[35m (0.1ms)[0m  [1m[35mBEGIN[0m
  [1m[35m (0.6ms)[0m  [1m[35mALTER TABLE "matrix_characters" RENAME TO "characters"[0m
  [1m[35m (0.3ms)[0m  [1m[35mALTER INDEX "matrix_characters_pkey" RENAME TO "characters_pkey"[0m
  [1m[35m (0.3ms)[0m  [1m[35mALTER TABLE "public"."matrix_characters_id_seq" RENAME TO "characters_id_seq"[0m
  [1m[36mprimary::SchemaMigration Destroy (0.4ms)[0m  [1m[31mDELETE FROM "schema_migrations" WHERE "schema_migrations"."version" = $1[0m  [["version", "20200801144532"]]
  [1m[35m (0.9ms)[0m  [1m[35mCOMMIT[0m
  [1m[35m (0.3ms)[0m  [1m[34mSELECT pg_advisory_unlock(5139738239422645845)[0m
  [1m[35m (0.9ms)[0m  [1m[34mSELECT "schema_migrations"."version" FROM "schema_migrations" ORDER BY "schema_migrations"."version" ASC[0m
  [1m[35m (0.7ms)[0m  [1m[34mSELECT "schema_migrations"."version" FROM "schema_migrations" ORDER BY "schema_migrations"."version" ASC[0m
  [1m[35m (0.8ms)[0m  [1m[34mSELECT "schema_migrations"."version" FROM "schema_migrations" ORDER BY "schema_migrations"."version" ASC[0m
  [1m[35m (0.1ms)[0m  [1m[35mBEGIN[0m
  [1m[36mCharacter Create (2.4ms)[0m  [1m[32mINSERT INTO "characters" ("name", "char_description") VALUES ($1, $2) RETURNING "id"[0m  [["name", "Neo"], ["char_description", "f"]]
  [1m[35m (0.8ms)[0m  [1m[35mCOMMIT[0m
  [1m[35m (0.1ms)[0m  [1m[35mBEGIN[0m
  [1m[36mCharacter Create (0.4ms)[0m  [1m[32mINSERT INTO "characters" ("name", "char_description") VALUES ($1, $2) RETURNING "id"[0m  [["name", "Trinity"], ["char_description", "f"]]
  [1m[35m (0.3ms)[0m  [1m[35mCOMMIT[0m
  [1m[35m (0.1ms)[0m  [1m[35mBEGIN[0m
  [1m[36mCharacter Create (0.2ms)[0m  [1m[32mINSERT INTO "characters" ("name", "char_description") VALUES ($1, $2) RETURNING "id"[0m  [["name", "Morpheus"], ["char_description", "f"]]
  [1m[35m (0.2ms)[0m  [1m[35mCOMMIT[0m
  [1m[35m (0.1ms)[0m  [1m[35mBEGIN[0m
  [1m[36mCharacter Create (0.3ms)[0m  [1m[32mINSERT INTO "characters" ("name", "char_description") VALUES ($1, $2) RETURNING "id"[0m  [["name", "Agent Smith"], ["char_description", "f"]]
  [1m[35m (0.2ms)[0m  [1m[35mCOMMIT[0m
  [1m[35m (0.7ms)[0m  [1m[34mSELECT "schema_migrations"."version" FROM "schema_migrations" ORDER BY "schema_migrations"."version" ASC[0m
  [1m[35m (0.4ms)[0m  [1m[34mSELECT "ar_internal_metadata"."value" FROM "ar_internal_metadata" WHERE "ar_internal_metadata"."key" = $1[0m  [["key", "environment"]]
  [1m[35m (0.2ms)[0m  [1m[34mSELECT "schema_migrations"."version" FROM "schema_migrations" ORDER BY "schema_migrations"."version" ASC[0m
  [1m[35m (0.2ms)[0m  [1m[34mSELECT "ar_internal_metadata"."value" FROM "ar_internal_metadata" WHERE "ar_internal_metadata"."key" = $1[0m  [["key", "environment"]]
  [1m[35m (0.2ms)[0m  [1m[34mSELECT "schema_migrations"."version" FROM "schema_migrations" ORDER BY "schema_migrations"."version" ASC[0m
  [1m[35m (0.2ms)[0m  [1m[34mSELECT "ar_internal_metadata"."value" FROM "ar_internal_metadata" WHERE "ar_internal_metadata"."key" = $1[0m  [["key", "environment"]]
  [1m[35m (43.4ms)[0m  [1m[35mDROP DATABASE IF EXISTS "matrix_app_api_development"[0m
  [1m[35m (34.8ms)[0m  [1m[35mDROP DATABASE IF EXISTS "matrix_app_api_test"[0m
  [1m[35m (65.5ms)[0m  [1m[35mCREATE DATABASE "matrix_app_api_development" ENCODING = 'unicode'[0m
  [1m[35m (55.4ms)[0m  [1m[35mCREATE DATABASE "matrix_app_api_test" ENCODING = 'unicode'[0m
  [1m[35m (13.0ms)[0m  [1m[35mCREATE TABLE "schema_migrations" ("version" character varying NOT NULL PRIMARY KEY)[0m
  [1m[35m (2.6ms)[0m  [1m[35mCREATE TABLE "ar_internal_metadata" ("key" character varying NOT NULL PRIMARY KEY, "value" character varying, "created_at" timestamp(6) NOT NULL, "updated_at" timestamp(6) NOT NULL)[0m
  [1m[35m (0.5ms)[0m  [1m[34mSELECT pg_try_advisory_lock(5139738239422645845)[0m
  [1m[35m (0.7ms)[0m  [1m[34mSELECT "schema_migrations"."version" FROM "schema_migrations" ORDER BY "schema_migrations"."version" ASC[0m
Migrating to CreateCharacter (20200801143949)
  [1m[35m (0.1ms)[0m  [1m[35mBEGIN[0m
  [1m[35m (5.2ms)[0m  [1m[35mCREATE TABLE "characters" ("id" bigserial primary key, "name" character varying, "description" character varying, "img_url" character varying)[0m
  [1m[36mprimary::SchemaMigration Create (0.5ms)[0m  [1m[32mINSERT INTO "schema_migrations" ("version") VALUES ($1) RETURNING "version"[0m  [["version", "20200801143949"]]
  [1m[35m (0.3ms)[0m  [1m[35mCOMMIT[0m
Migrating to FixDescriptionColumnTypo (20200801144229)
  [1m[35m (0.2ms)[0m  [1m[35mBEGIN[0m
  [1m[35m (0.3ms)[0m  [1m[35mALTER TABLE "characters" RENAME COLUMN "description" TO "char_description"[0m
  [1m[36mprimary::SchemaMigration Create (0.2ms)[0m  [1m[32mINSERT INTO "schema_migrations" ("version") VALUES ($1) RETURNING "version"[0m  [["version", "20200801144229"]]
  [1m[35m (0.3ms)[0m  [1m[35mCOMMIT[0m
  [1m[36mActiveRecord::InternalMetadata Load (0.3ms)[0m  [1m[34mSELECT "ar_internal_metadata".* FROM "ar_internal_metadata" WHERE "ar_internal_metadata"."key" = $1 LIMIT $2[0m  [["key", "environment"], ["LIMIT", 1]]
  [1m[35m (0.1ms)[0m  [1m[35mBEGIN[0m
  [1m[36mActiveRecord::InternalMetadata Create (0.7ms)[0m  [1m[32mINSERT INTO "ar_internal_metadata" ("key", "value", "created_at", "updated_at") VALUES ($1, $2, $3, $4) RETURNING "key"[0m  [["key", "environment"], ["value", "development"], ["created_at", "2020-08-01 14:59:43.535845"], ["updated_at", "2020-08-01 14:59:43.535845"]]
  [1m[35m (0.3ms)[0m  [1m[35mCOMMIT[0m
  [1m[35m (0.2ms)[0m  [1m[34mSELECT pg_advisory_unlock(5139738239422645845)[0m
  [1m[35m (0.9ms)[0m  [1m[34mSELECT "schema_migrations"."version" FROM "schema_migrations" ORDER BY "schema_migrations"."version" ASC[0m
  [1m[35m (0.7ms)[0m  [1m[34mSELECT "schema_migrations"."version" FROM "schema_migrations" ORDER BY "schema_migrations"."version" ASC[0m
  [1m[35m (0.1ms)[0m  [1m[35mBEGIN[0m
  [1m[36mCharacter Create (1.0ms)[0m  [1m[32mINSERT INTO "characters" ("name", "char_description") VALUES ($1, $2) RETURNING "id"[0m  [["name", "Neo"], ["char_description", "Hero, ex-programmer."]]
  [1m[35m (0.3ms)[0m  [1m[35mCOMMIT[0m
  [1m[35m (0.1ms)[0m  [1m[35mBEGIN[0m
  [1m[36mCharacter Create (0.6ms)[0m  [1m[32mINSERT INTO "characters" ("name", "char_description") VALUES ($1, $2) RETURNING "id"[0m  [["name", "Trinity"], ["char_description", "Heroine, femme fatale"]]
  [1m[35m (0.3ms)[0m  [1m[35mCOMMIT[0m
  [1m[35m (0.1ms)[0m  [1m[35mBEGIN[0m
  [1m[36mCharacter Create (0.3ms)[0m  [1m[32mINSERT INTO "characters" ("name", "char_description") VALUES ($1, $2) RETURNING "id"[0m  [["name", "Morpheus"], ["char_description", "Tank, Believer, Leader."]]
  [1m[35m (0.2ms)[0m  [1m[35mCOMMIT[0m
  [1m[35m (0.1ms)[0m  [1m[35mBEGIN[0m
  [1m[36mCharacter Create (0.2ms)[0m  [1m[32mINSERT INTO "characters" ("name", "char_description") VALUES ($1, $2) RETURNING "id"[0m  [["name", "Agent Smith"], ["char_description", "Nemesis of Neo."]]
  [1m[35m (0.2ms)[0m  [1m[35mCOMMIT[0m
  [1m[36mCharacter Load (0.5ms)[0m  [1m[34mSELECT "characters".* FROM "characters" WHERE "characters"."id" = $1 LIMIT $2[0m  [["id", 1], ["LIMIT", 1]]
  [1m[35m (0.1ms)[0m  [1m[35mBEGIN[0m
  [1m[36mCharacter Update (1.6ms)[0m  [1m[33mUPDATE "characters" SET "img_url" = $1 WHERE "characters"."id" = $2[0m  [["img_url", "https://en.wikipedia.org/wiki/Neo_(The_Matrix)#/media/File:NeoTheMatrix.jpg"], ["id", 1]]
  [1m[35m (0.9ms)[0m  [1m[35mCOMMIT[0m
  [1m[36mCharacter Load (0.3ms)[0m  [1m[34mSELECT "characters".* FROM "characters" LIMIT $1[0m  [["LIMIT", 11]]
  [1m[36mCharacter Load (0.4ms)[0m  [1m[34mSELECT "characters".* FROM "characters"[0m
  [1m[36mCharacter Load (0.4ms)[0m  [1m[34mSELECT "characters".* FROM "characters" WHERE "characters"."id" = $1 LIMIT $2[0m  [["id", 2], ["LIMIT", 1]]
  [1m[35m (0.1ms)[0m  [1m[35mBEGIN[0m
  [1m[36mCharacter Update (0.4ms)[0m  [1m[33mUPDATE "characters" SET "img_url" = $1 WHERE "characters"."id" = $2[0m  [["img_url", "https://en.wikipedia.org/wiki/Trinity_(The_Matrix)#/media/File:MatrixTrinity.jpg"], ["id", 2]]
  [1m[35m (0.5ms)[0m  [1m[35mCOMMIT[0m
  [1m[36mCharacter Load (0.4ms)[0m  [1m[34mSELECT "characters".* FROM "characters"[0m
  [1m[36mCharacter Load (0.4ms)[0m  [1m[34mSELECT "characters".* FROM "characters" WHERE "characters"."id" = $1 LIMIT $2[0m  [["id", 3], ["LIMIT", 1]]
  [1m[35m (0.2ms)[0m  [1m[35mBEGIN[0m
  [1m[36mCharacter Update (0.4ms)[0m  [1m[33mUPDATE "characters" SET "img_url" = $1 WHERE "characters"."id" = $2[0m  [["img_url", "https://en.wikipedia.org/wiki/Morpheus_(The_Matrix)#/media/File:Morpheus.jpg"], ["id", 3]]
  [1m[35m (0.5ms)[0m  [1m[35mCOMMIT[0m
  [1m[36mCharacter Load (0.4ms)[0m  [1m[34mSELECT "characters".* FROM "characters"[0m
  [1m[36mCharacter Load (0.4ms)[0m  [1m[34mSELECT "characters".* FROM "characters" WHERE "characters"."id" = $1 LIMIT $2[0m  [["id", 4], ["LIMIT", 1]]
  [1m[35m (0.1ms)[0m  [1m[35mBEGIN[0m
  [1m[36mCharacter Update (0.3ms)[0m  [1m[33mUPDATE "characters" SET "img_url" = $1 WHERE "characters"."id" = $2[0m  [["img_url", "https://en.wikipedia.org/wiki/Agent_Smith"], ["id", 4]]
  [1m[35m (0.3ms)[0m  [1m[35mCOMMIT[0m
  [1m[36mCharacter Load (0.7ms)[0m  [1m[34mSELECT "characters".* FROM "characters"[0m
  [1m[36mCharacter Load (0.4ms)[0m  [1m[34mSELECT "characters".* FROM "characters" WHERE "characters"."id" = $1 LIMIT $2[0m  [["id", 4], ["LIMIT", 1]]
  [1m[36mCharacter Destroy (0.6ms)[0m  [1m[31mDELETE FROM "characters" WHERE "characters"."id" = $1[0m  [["id", 4]]
  [1m[36mCharacter Load (0.4ms)[0m  [1m[34mSELECT "characters".* FROM "characters"[0m
  [1m[35m (0.2ms)[0m  [1m[35mBEGIN[0m
  [1m[36mCharacter Create (0.5ms)[0m  [1m[32mINSERT INTO "characters" ("name", "char_description", "img_url") VALUES ($1, $2, $3) RETURNING "id"[0m  [["name", "The Oracle"], ["char_description", "The all-seing cybonic eye"], ["img_url", "https://en.wikipedia.org/wiki/The_Oracle_(The_Matrix)#/media/File:The_Oracle_(i).gif"]]
  [1m[35m (0.6ms)[0m  [1m[35mCOMMIT[0m
  [1m[36mCharacter Load (0.4ms)[0m  [1m[34mSELECT "characters".* FROM "characters"[0m
  [1m[36mCharacter Load (0.4ms)[0m  [1m[34mSELECT "characters".* FROM "characters" WHERE "characters"."id" = $1 LIMIT $2[0m  [["id", 5], ["LIMIT", 1]]
  [1m[35m (0.1ms)[0m  [1m[35mBEGIN[0m
  [1m[36mCharacter Update (0.3ms)[0m  [1m[33mUPDATE "characters" SET "id" = $1 WHERE "characters"."id" = $2[0m  [["id", 4], ["id", 5]]
  [1m[35m (0.5ms)[0m  [1m[35mCOMMIT[0m
  [1m[36mCharacter Load (0.4ms)[0m  [1m[34mSELECT "characters".* FROM "characters"[0m
  [1m[36mCharacter Load (0.3ms)[0m  [1m[34mSELECT "characters".* FROM "characters" WHERE "characters"."id" = $1 LIMIT $2[0m  [["id", 4], ["LIMIT", 1]]
  [1m[35m (0.1ms)[0m  [1m[35mBEGIN[0m
  [1m[36mCharacter Update (0.4ms)[0m  [1m[33mUPDATE "characters" SET "id" = $1 WHERE "characters"."id" = $2[0m  [["id", 5], ["id", 4]]
  [1m[35m (0.3ms)[0m  [1m[35mCOMMIT[0m
  [1m[36mCharacter Load (0.4ms)[0m  [1m[34mSELECT "characters".* FROM "characters"[0m
  [1m[35m (0.2ms)[0m  [1m[34mSELECT pg_try_advisory_lock(5139738239422645845)[0m
  [1m[35m (0.7ms)[0m  [1m[34mSELECT "schema_migrations"."version" FROM "schema_migrations" ORDER BY "schema_migrations"."version" ASC[0m
Migrating to CreateVehicles (20200801152029)
  [1m[35m (0.1ms)[0m  [1m[35mBEGIN[0m
  [1m[35m (6.4ms)[0m  [1m[35mCREATE TABLE "vehicles" ("id" bigserial primary key, "name" character varying, "style" character varying)[0m
  [1m[36mprimary::SchemaMigration Create (0.3ms)[0m  [1m[32mINSERT INTO "schema_migrations" ("version") VALUES ($1) RETURNING "version"[0m  [["version", "20200801152029"]]
  [1m[35m (1.0ms)[0m  [1m[35mCOMMIT[0m
  [1m[36mActiveRecord::InternalMetadata Load (0.4ms)[0m  [1m[34mSELECT "ar_internal_metadata".* FROM "ar_internal_metadata" WHERE "ar_internal_metadata"."key" = $1 LIMIT $2[0m  [["key", "environment"], ["LIMIT", 1]]
  [1m[35m (0.3ms)[0m  [1m[34mSELECT pg_advisory_unlock(5139738239422645845)[0m
  [1m[35m (0.8ms)[0m  [1m[34mSELECT "schema_migrations"."version" FROM "schema_migrations" ORDER BY "schema_migrations"."version" ASC[0m
  [1m[35m (0.2ms)[0m  [1m[34mSELECT pg_try_advisory_lock(5139738239422645845)[0m
  [1m[35m (0.8ms)[0m  [1m[34mSELECT "schema_migrations"."version" FROM "schema_migrations" ORDER BY "schema_migrations"."version" ASC[0m
Migrating to AddColumnToCharacters (20200801152429)
  [1m[35m (0.1ms)[0m  [1m[35mBEGIN[0m
  [1m[35m (0.7ms)[0m  [1m[35mALTER TABLE "characters" ADD "vehicle_id" integer[0m
  [1m[36mprimary::SchemaMigration Create (0.3ms)[0m  [1m[32mINSERT INTO "schema_migrations" ("version") VALUES ($1) RETURNING "version"[0m  [["version", "20200801152429"]]
  [1m[35m (1.2ms)[0m  [1m[35mCOMMIT[0m
  [1m[36mActiveRecord::InternalMetadata Load (0.4ms)[0m  [1m[34mSELECT "ar_internal_metadata".* FROM "ar_internal_metadata" WHERE "ar_internal_metadata"."key" = $1 LIMIT $2[0m  [["key", "environment"], ["LIMIT", 1]]
  [1m[35m (0.3ms)[0m  [1m[34mSELECT pg_advisory_unlock(5139738239422645845)[0m
  [1m[35m (0.9ms)[0m  [1m[34mSELECT "schema_migrations"."version" FROM "schema_migrations" ORDER BY "schema_migrations"."version" ASC[0m
  [1m[35m (0.7ms)[0m  [1m[34mSELECT "schema_migrations"."version" FROM "schema_migrations" ORDER BY "schema_migrations"."version" ASC[0m
  [1m[35m (0.1ms)[0m  [1m[35mBEGIN[0m
  [1m[36mVehicle Create (2.5ms)[0m  [1m[32mINSERT INTO "vehicles" ("name", "style") VALUES ($1, $2) RETURNING "id"[0m  [["name", "Nebuchadnezzar"], ["style", "Spaceship"]]
  [1m[35m (1.2ms)[0m  [1m[35mCOMMIT[0m
  [1m[36mCharacter Load (0.7ms)[0m  [1m[34mSELECT "characters".* FROM "characters" WHERE "characters"."id" IN ($1, $2)[0m  [["id", 1], ["id", 2]]
  [1m[36mCharacter Load (0.4ms)[0m  [1m[34mSELECT "characters".* FROM "characters" WHERE "characters"."id" = $1 LIMIT $2[0m  [["id", 1], ["LIMIT", 1]]
  [1m[35m (0.1ms)[0m  [1m[35mBEGIN[0m
  [1m[36mCharacter Update (0.4ms)[0m  [1m[33mUPDATE "characters" SET "vehicle_id" = $1 WHERE "characters"."id" = $2[0m  [["vehicle_id", 1], ["id", 1]]
  [1m[35m (1.5ms)[0m  [1m[35mCOMMIT[0m
  [1m[36mCharacter Load (0.4ms)[0m  [1m[34mSELECT "characters".* FROM "characters" WHERE "characters"."id" = $1 LIMIT $2[0m  [["id", 2], ["LIMIT", 1]]
  [1m[35m (0.1ms)[0m  [1m[35mBEGIN[0m
  [1m[36mCharacter Update (0.3ms)[0m  [1m[33mUPDATE "characters" SET "vehicle_id" = $1 WHERE "characters"."id" = $2[0m  [["vehicle_id", 1], ["id", 2]]
  [1m[35m (0.5ms)[0m  [1m[35mCOMMIT[0m
  [1m[36mCharacter Load (0.2ms)[0m  [1m[34mSELECT "characters".* FROM "characters" LIMIT $1[0m  [["LIMIT", 11]]
  [1m[36mCharacter Load (0.5ms)[0m  [1m[34mSELECT "characters".* FROM "characters"[0m
